This is e-pTeX, Version 3.14159265-p3.5-130605-2.6 (utf8.euc) (TeX Live 2014/Arch Linux) (preloaded format=platex 2015.3.19)  26 MAR 2015 09:21
entering extended mode
 restricted \write18 enabled.
 %&-line parsing enabled.
**calculus2_spring.tex
(./calculus2_spring.tex
pLaTeX2e <2006/11/10> (based on LaTeX2e <2014/05/01> patch level 0)
Babel <3.9k> and hyphenation patterns for 79 languages loaded.
(/usr/share/texmf-dist/tex/platex/base/jarticle.cls
Document Class: jarticle 2006/06/27 v1.6 Standard pLaTeX class
\c@@paper=\count81
(/usr/share/texmf-dist/tex/latex/base/fleqn.clo
File: fleqn.clo 1998/08/17 v1.1c Standard LaTeX option (flush left equations)
\mathindent=\dimen118
)
(/usr/share/texmf-dist/tex/platex/base/jsize10.clo
File: jsize10.clo 2006/06/27 v1.6 Standard pLaTeX file (size option)
)
\c@part=\count82
\c@section=\count83
\c@subsection=\count84
\c@subsubsection=\count85
\c@paragraph=\count86
\c@subparagraph=\count87
\c@figure=\count88
\c@table=\count89
\abovecaptionskip=\skip41
\belowcaptionskip=\skip42
\symmincho=\mathgroup4
LaTeX Font Info:    Overwriting symbol font `mincho' in version `bold'
(Font)                  JY1/mc/m/n --> JY1/gt/m/n on input line 601.
\toclineskip=\dimen119
\@lnumwidth=\dimen120
\bibindent=\dimen121
\heisei=\count90
)
(/usr/share/texmf-dist/tex/latex/amsmath/amsmath.sty
Package: amsmath 2013/01/14 v2.14 AMS math features
\@mathmargin=\skip43

For additional information on amsmath, use the `?' option.
(/usr/share/texmf-dist/tex/latex/amsmath/amstext.sty
Package: amstext 2000/06/29 v2.01

(/usr/share/texmf-dist/tex/latex/amsmath/amsgen.sty
File: amsgen.sty 1999/11/30 v2.0
\@emptytoks=\toks15
\ex@=\dimen122
))
(/usr/share/texmf-dist/tex/latex/amsmath/amsbsy.sty
Package: amsbsy 1999/11/29 v1.2d
\pmbraise@=\dimen123
)
(/usr/share/texmf-dist/tex/latex/amsmath/amsopn.sty
Package: amsopn 1999/12/14 v2.01 operator names
)
\inf@bad=\count91
LaTeX Info: Redefining \frac on input line 210.
\uproot@=\count92
\leftroot@=\count93
LaTeX Info: Redefining \overline on input line 306.
\classnum@=\count94
\DOTSCASE@=\count95
LaTeX Info: Redefining \ldots on input line 378.
LaTeX Info: Redefining \dots on input line 381.
LaTeX Info: Redefining \cdots on input line 466.
\Mathstrutbox@=\box41
\strutbox@=\box42
\big@size=\dimen124
LaTeX Font Info:    Redeclaring font encoding OML on input line 566.
LaTeX Font Info:    Redeclaring font encoding OMS on input line 567.
\macc@depth=\count96
\c@MaxMatrixCols=\count97
\dotsspace@=\muskip10
\c@parentequation=\count98
\dspbrk@lvl=\count99
\tag@help=\toks16
\row@=\count100
\column@=\count101
\maxfields@=\count102
\andhelp@=\toks17
\eqnshift@=\dimen125
\alignsep@=\dimen126
\tagshift@=\dimen127
\tagwidth@=\dimen128
\totwidth@=\dimen129
\lineht@=\dimen130
\@envbody=\toks18
\multlinegap=\skip44
\multlinetaggap=\skip45
\mathdisplay@stack=\toks19
LaTeX Info: Redefining \[ on input line 2665.
LaTeX Info: Redefining \] on input line 2666.
)
(/usr/share/texmf-dist/tex/latex/amsfonts/amssymb.sty
Package: amssymb 2013/01/14 v3.01 AMS font symbols

(/usr/share/texmf-dist/tex/latex/amsfonts/amsfonts.sty
Package: amsfonts 2013/01/14 v3.01 Basic AMSFonts support
\symAMSa=\mathgroup5
\symAMSb=\mathgroup6
LaTeX Font Info:    Overwriting math alphabet `\mathfrak' in version `bold'
(Font)                  U/euf/m/n --> U/euf/b/n on input line 106.
))
(/usr/share/texmf-dist/tex/latex/graphics/graphicx.sty
Package: graphicx 2014/04/25 v1.0g Enhanced LaTeX Graphics (DPC,SPQR)

(/usr/share/texmf-dist/tex/latex/graphics/keyval.sty
Package: keyval 2014/05/08 v1.15 key=value parser (DPC)
\KV@toks@=\toks20
)
(/usr/share/texmf-dist/tex/latex/graphics/graphics.sty
Package: graphics 2009/02/05 v1.0o Standard LaTeX Graphics (DPC,SPQR)

(/usr/share/texmf-dist/tex/latex/graphics/trig.sty
Package: trig 1999/03/16 v1.09 sin cos tan (DPC)
)
(/usr/share/texmf-dist/tex/latex/latexconfig/graphics.cfg
File: graphics.cfg 2010/04/23 v1.9 graphics configuration of TeX Live
)
Package graphics Info: Driver file: dvipdfmx.def on input line 91.

(/usr/share/texmf-dist/tex/latex/dvipdfmx-def/dvipdfmx.def
File: dvipdfmx.def 2014/07/25 v4.03 LaTeX color/graphics driver for dvipdfmx (T
eX Live/ChoF)
))
\Gin@req@height=\dimen131
\Gin@req@width=\dimen132
)
(/usr/share/texmf-dist/tex/platex/misc/emath/emathT.sty
Package: emathT 2005/10/29 v0.42

(/usr/share/texmf-dist/tex/latex/tools/array.sty
Package: array 2008/09/09 v2.4c Tabular extension package (FMi)
\col@sep=\dimen133
\extrarowheight=\dimen134
\NC@list=\toks21
\extratabsurround=\skip46
\backup@length=\skip47
)
(/usr/share/texmf-dist/tex/latex/tools/hhline.sty
Package: hhline 1994/05/23 v2.03 Table rule package (DPC)
)
(/usr/share/texmf-dist/tex/platex/misc/emath/emathPh.sty
Package: emathPh 2005/11/03 v 2.46

(/usr/share/texmf-dist/tex/platex/misc/etc/epic.sty
Enhancements to Picture Environment. Version 1.2 - Released June 1, 1986
\@@multicnt=\count103
\d@lta=\count104
\@delta=\dimen135
\@@delta=\dimen136
\@gridcnt=\count105
\@joinkind=\count106
\@dotgap=\dimen137
\@ddotgap=\dimen138
\@x@diff=\count107
\@y@diff=\count108
\x@diff=\dimen139
\y@diff=\dimen140
\@dotbox=\box43
\num@segments=\count109
\num@segmentsi=\count110
\@datafile=\read1
) (/usr/share/texmf-dist/tex/platex/misc/etc/eepic.sty
Extension to Epic and LaTeX. Version 1.1b - Released Febrary 7, 1988
\@gphlinewidth=\count111
\@eepictcnt=\count112
\@tempdimc=\dimen141
\maxovaldiam=\dimen142
\@filltype=\box44
) (/usr/share/texmf-dist/tex/platex/misc/etc/eclarith.sty
eclarith.sty 1.1 --- July 1, 1992
\ari!A=\dimen143
\ari!B=\dimen144
\ari!C=\count113
\ari!D=\count114
) (/usr/share/texmf-dist/tex/platex/misc/emath/emath.sty
Package: emath 2005/10/31 v1.54p 初等数学マクロパッケージ

(/usr/share/texmf-dist/tex/platex/misc/emath/emath2e.sty
(/usr/share/texmf-dist/tex/platex/misc/emath/emathE.sty
Package: emathE 2005/09/05 v0.79 拡張enumerate

(/usr/share/texmf-dist/tex/latex/tools/enumerate.sty
Package: enumerate 1999/03/05 v3.00 enumerate extensions (DPC)
\@enLab=\toks22
)
(/usr/share/texmf-dist/tex/platex/misc/emath/emathEc.sty
Package: emathEc 2005/09/05 v0.00

(/usr/share/texmf-dist/tex/platex/misc/emath/emathC.sty
Package: emathC 2005/09/03 v0.25

(/usr/share/texmf-dist/tex/latex/tools/calc.sty
Package: calc 2007/08/22 v4.3 Infix arithmetic (KKT,FJ)
\calc@Acount=\count115
\calc@Bcount=\count116
\calc@Adimen=\dimen145
\calc@Bdimen=\dimen146
\calc@Askip=\skip48
\calc@Bskip=\skip49
LaTeX Info: Redefining \setlength on input line 75.
LaTeX Info: Redefining \addtolength on input line 76.
\calc@Ccount=\count117
\calc@Cskip=\skip50
)
(/usr/share/texmf-dist/tex/latex/base/ifthen.sty
Package: ifthen 2001/05/26 v1.1c Standard LaTeX ifthen package (DPC)
)
\c@tempcnta=\count118
\templa=\dimen147
\emath@toks@=\toks23
\Sett@width=\dimen148
\EMcalc@A=\dimen149
))
(/usr/share/texmf-dist/tex/platex/misc/emath/jquote.sty
Package: jquote 2005/10/31 v0.01
)
(/usr/share/texmf-dist/tex/platex/misc/emath/emathK.sty)
\kizami@ti=\count119
\syoki@ti=\count120
\c@Enumi=\count121
\c@Enumii=\count122
\c@Enumiii=\count123
\c@Enumiv=\count124
\emtokena=\toks24
))
\templb=\dimen150
\templc=\dimen151
\tempboxa=\box45
\tempboxb=\box46
\EMc@hizyosuu=\count125
\EMc@syou=\count126
\EMc@zyo@amari=\count127
\GCM=\count128
\zyo@@c=\count129
\hizyo@@c=\count130
\wari@@cnt=\count131
\wari@@cmax=\count132
\gyou@@c=\count133
\hidari@@p=\count134
\migi@@p=\count135
\renritu@hidariyohaku=\dimen152
\@ltxlinelen=\dimen153
\fileophndl=\read2
)
(/usr/share/texmf-dist/tex/latex/graphics/color.sty
Package: color 2014/04/23 v1.1a Standard LaTeX Color (DPC)

(/usr/share/texmf-dist/tex/latex/latexconfig/color.cfg
File: color.cfg 2007/01/18 v1.5 color configuration of teTeX/TeXLive
)
Package color Info: Driver file: dvips.def on input line 137.

(/usr/share/texmf-dist/tex/latex/graphics/dvips.def
File: dvips.def 2014/04/23 v3.0j Driver-dependant file (DPC,SPQR)
)
(/usr/share/texmf-dist/tex/latex/graphics/dvipsnam.def
File: dvipsnam.def 2014/04/23 v3.0j Driver-dependant file (DPC,SPQR)
))
\@tempdimd=\dimen154
LaTeX Info: Redefining \color on input line 203.
\DHS@seq=\toks25
\yasen@toks=\toks26
\tenretu@namae=\toks27
\namae@opt=\toks28
\@tmpla=\dimen155
)
\hyouretuhaba=\dimen156
\emT@w=\dimen157
\emT@h=\dimen158
\emT@@h=\dimen159
\emT@d=\dimen160
\emT@@d=\dimen161
\emT@r=\dimen162
\arrayrulewidthb=\dimen163
)
(./calculus2_spring.aux)
\openout1 = `calculus2_spring.aux'.

LaTeX Font Info:    Checking defaults for OML/cmm/m/it on input line 14.
LaTeX Font Info:    ... okay on input line 14.
LaTeX Font Info:    Checking defaults for T1/cmr/m/n on input line 14.
LaTeX Font Info:    ... okay on input line 14.
LaTeX Font Info:    Checking defaults for OT1/cmr/m/n on input line 14.
LaTeX Font Info:    ... okay on input line 14.
LaTeX Font Info:    Checking defaults for OMS/cmsy/m/n on input line 14.
LaTeX Font Info:    ... okay on input line 14.
LaTeX Font Info:    Checking defaults for OMX/cmex/m/n on input line 14.
LaTeX Font Info:    ... okay on input line 14.
LaTeX Font Info:    Checking defaults for U/cmr/m/n on input line 14.
LaTeX Font Info:    ... okay on input line 14.
LaTeX Font Info:    Checking defaults for JY1/mc/m/n on input line 14.
LaTeX Font Info:    ... okay on input line 14.
LaTeX Font Info:    Checking defaults for JT1/mc/m/n on input line 14.
LaTeX Font Info:    ... okay on input line 14.
LaTeX Font Info:    Try loading font information for U+msa on input line 22.
 (/usr/share/texmf-dist/tex/latex/amsfonts/umsa.fd
File: umsa.fd 2013/01/14 v3.01 AMS symbols A
)
LaTeX Font Info:    Try loading font information for U+msb on input line 22.

(/usr/share/texmf-dist/tex/latex/amsfonts/umsb.fd
File: umsb.fd 2013/01/14 v3.01 AMS symbols B
)

LaTeX Warning: No \author given.

LaTeX Font Info:    Font shape `JT1/mc/bx/n' in size <14.4> not available
(Font)              Font shape `JT1/gt/m/n' tried instead on input line 25.
LaTeX Font Info:    Font shape `JY1/mc/bx/n' in size <14.4> not available
(Font)              Font shape `JY1/gt/m/n' tried instead on input line 25.
[1


] [2] [3]
Overfull \hbox (18.11992pt too wide) in paragraph at lines 356--356
[] 
 []

[4]
File: 14-1.eps Graphic file (type eps)
 <14-1.eps>
File: 18-1.eps Graphic file (type eps)
 <18-1.eps> [5] [6] (./calculus2_spring.aux) ) 
Here is how much of TeX's memory you used:
 5497 strings out of 493800
 56037 string characters out of 6156126
 205085 words of memory out of 5000000
 8911 multiletter control sequences out of 15000+600000
 16709 words of font info for 68 fonts, out of 8000000 for 9000
 929 hyphenation exceptions out of 8191
 64i,19n,44p,515b,504s stack positions out of 5000i,500n,10000p,200000b,80000s

Output written on calculus2_spring.dvi (6 pages, 51740 bytes).
